<?xml version="1.0" encoding="UTF-8"?>
<!-- Generated by org.testng.reporters.JUnitXMLReporter -->
<testsuite hostname="DESKTOP-GM181MI" name="Default test" tests="2" failures="0" timestamp="8 Jun 2019 15:12:50 GMT" time="8.422" errors="0">
  <testcase name="validateAPIWIthValidSecretKey" time="5.618" classname="com.w2a.API_Batch4_Rest_AFramework.testcases.ValidateCreateCustomerAPI"/>
  <testcase name="validateAPIWIthValidSecretKey" time="2.055" classname="com.w2a.API_Batch4_Rest_AFramework.testcases.ValidateCreateCustomerAPI"/>
</testsuite> <!-- Default test -->
